#
# There is insufficient memory for the Java Runtime Environment to continue.
# Native memory allocation (mmap) failed to map 266338304 bytes for G1 virtual space
# Possible reasons:
#   The system is out of physical RAM or swap space
#   The process is running with CompressedOops enabled, and the Java Heap may be blocking the growth of the native heap
# Possible solutions:
#   Reduce memory load on the system
#   Increase physical memory or swap space
#   Check if swap backing store is full
#   Decrease Java heap size (-Xmx/-Xms)
#   Decrease number of Java threads
#   Decrease Java thread stack sizes (-Xss)
#   Set larger code cache with -XX:ReservedCodeCacheSize=
#   JVM is running with Zero Based Compressed Oops mode in which the Java heap is
#     placed in the first 32GB address space. The Java Heap base address is the
#     maximum limit for the native heap growth. Please use -XX:HeapBaseMinAddress
#     to set the Java Heap base and to place the Java Heap above 32GB virtual address.
# This output file may be truncated or incomplete.
#
#  Out of Memory Error (os_windows.cpp:3528), pid=40532, tid=4084
#
# JRE version:  (20.0.1+9) (build )
# Java VM: Java HotSpot(TM) 64-Bit Server VM (20.0.1+9-29, mixed mode, sharing, tiered, compressed oops, compressed class ptrs, g1 gc, windows-amd64)
# No core dump will be written. Minidumps are not enabled by default on client versions of Windows
#

---------------  S U M M A R Y ------------

Command Line: -Dfile.encoding=UTF-8 -agentlib:jdwp=transport=dt_shmem,address=javadebug --module-path=D:\New Folder (2)\Employee Management System\build\classes employee.management.system.Splash

Host: Intel(R) Core(TM) i7-10750H CPU @ 2.60GHz, 12 cores, 15G,  Windows 11 , 64 bit Build 22621 (10.0.22621.1778)
Time: Fri Jun 30 02:08:40 2023 India Standard Time elapsed time: 0.354739 seconds (0d 0h 0m 0s)

---------------  T H R E A D  ---------------

Current thread (0x000002189cd77150):  JavaThread "Unknown thread" [_thread_in_vm, id=4084, stack(0x00000098cbb00000,0x00000098cbc00000)]

Stack: [0x00000098cbb00000,0x00000098cbc00000]
Native frames: (J=compiled Java code, j=interpreted, Vv=VM code, C=native code)
V  [jvm.dll+0x6bb95a]
V  [jvm.dll+0x8485fa]
V  [jvm.dll+0x84a1f5]
V  [jvm.dll+0x84a8f3]
V  [jvm.dll+0x280b0f]
V  [jvm.dll+0x6b86e9]
V  [jvm.dll+0x6ad2da]
V  [jvm.dll+0x35adf5]
V  [jvm.dll+0x363016]
V  [jvm.dll+0x3b3b3e]
V  [jvm.dll+0x3b3dc5]
V  [jvm.dll+0x32b50a]
V  [jvm.dll+0x32c32b]
V  [jvm.dll+0x8112bf]
V  [jvm.dll+0x3c0d91]
V  [jvm.dll+0x7fcfe3]
V  [jvm.dll+0x44c76f]
V  [jvm.dll+0x44e0e1]
C  [jli.dll+0x5287]
C  [ucrtbase.dll+0x29363]
C  [KERNEL32.DLL+0x126ad]
C  [ntdll.dll+0x5a9f8]


---------------  P R O C E S S  ---------------

Threads class SMR info:
_java_thread_list=0x00007ffeea96a098, length=0, elements={
}

Java Threads: ( => current thread )

Other Threads:
  0x000002189cdeba50 WorkerThread "GC Thread#0" [stack: 0x00000098cbc00000,0x00000098cbd00000] [id=16924]
  0x000002189cdfc8b0 ConcurrentGCThread "G1 Main Marker" [stack: 0x00000098cbd00000,0x00000098cbe00000] [id=1208]
  0x000002189cdfd990 WorkerThread "G1 Conc#0" [stack: 0x00000098cbe00000,0x00000098cbf00000] [id=19952]

[error occurred during error reporting (printing all threads), id 0xc0000005, EXCEPTION_ACCESS_VIOLATION (0xc0000005) at pc=0x00007ffeea14eb47]
VM state: not at safepoint (not fully initialized)

VM Mutex/Monitor currently owned by a thread:  ([mutex/lock_event])
[0x000002189aa92d30] Heap_lock - owner thread: 0x000002189cd77150

Heap address: 0x0000000702c00000, size: 4052 MB, Compressed Oops mode: Zero based, Oop shift amount: 3

CDS archive(s) mapped at: [0x0000000000000000-0x0000000000000000-0x0000000000000000), size 0, SharedBaseAddress: 0x0000000800000000, ArchiveRelocationMode: 0.
Narrow klass base: 0x0000000000000000, Narrow klass shift: 0, Narrow klass range: 0x0

GC Precious Log:
 CardTable entry size: 512
 Card Set container configuration: InlinePtr #cards 4 size 8 Array Of Cards #cards 16 size 48 Howl #buckets 8 coarsen threshold 3686 Howl Bitmap #cards 512 size 80 coarsen threshold 460 Card regions per heap region 1 cards per card region 4096

Heap:
 garbage-first heap   total 0K, used 0K [0x0000000702c00000, 0x0000000800000000)
  region size 2048K, 0 young (0K), 0 survivors (0K)

[error occurred during error reporting (printing heap information), id 0xc0000005, EXCEPTION_ACCESS_VIOLATION (0xc0000005) at pc=0x00007ffeea523c59]
GC Heap History (0 events):
No events

Dll operation events (1 events):
Event: 0.017 Loaded shared library C:\Program Files\Java\jdk-20\bin\java.dll

Deoptimization events (0 events):
No events

Classes loaded (0 events):
No events

Classes unloaded (0 events):
No events

Classes redefined (0 events):
No events

Internal exceptions (0 events):
No events

VM Operations (0 events):
No events

Events (0 events):
No events


Dynamic libraries:
0x00007ff730580000 - 0x00007ff730590000 	C:\Program Files\Java\jdk-20\bin\java.exe
0x00007fff62070000 - 0x00007fff62284000 	C:\WINDOWS\SYSTEM32\ntdll.dll
0x00007fff619c0000 - 0x00007fff61a82000 	C:\WINDOWS\System32\KERNEL32.DLL
0x00007fff5f470000 - 0x00007fff5f813000 	C:\WINDOWS\System32\KERNELBASE.dll
0x00007fff5fc40000 - 0x00007fff5fd51000 	C:\WINDOWS\System32\ucrtbase.dll
0x00007fff46f60000 - 0x00007fff46f7b000 	C:\Program Files\Java\jdk-20\bin\VCRUNTIME140.dll
0x00007fff596a0000 - 0x00007fff596b9000 	C:\Program Files\Java\jdk-20\bin\jli.dll
0x00007fff60410000 - 0x00007fff604be000 	C:\WINDOWS\System32\ADVAPI32.dll
0x00007fff61e50000 - 0x00007fff61ef7000 	C:\WINDOWS\System32\msvcrt.dll
0x00007fff60d50000 - 0x00007fff60df4000 	C:\WINDOWS\System32\sechost.dll
0x00007fff5ff10000 - 0x00007fff60027000 	C:\WINDOWS\System32\RPCRT4.dll
0x00007fff61480000 - 0x00007fff6162b000 	C:\WINDOWS\System32\USER32.dll
0x00007fff5f9e0000 - 0x00007fff5fa06000 	C:\WINDOWS\System32\win32u.dll
0x00007fff49fb0000 - 0x00007fff4a23e000 	C:\WINDOWS\WinSxS\amd64_microsoft.windows.common-controls_6595b64144ccf1df_6.0.22621.1635_none_270f70857386168e\COMCTL32.dll
0x00007fff60d20000 - 0x00007fff60d49000 	C:\WINDOWS\System32\GDI32.dll
0x00007fff5f820000 - 0x00007fff5f939000 	C:\WINDOWS\System32\gdi32full.dll
0x00007fff5f940000 - 0x00007fff5f9da000 	C:\WINDOWS\System32\msvcp_win.dll
0x00007fff56790000 - 0x00007fff5679a000 	C:\WINDOWS\SYSTEM32\VERSION.dll
0x00007fff60330000 - 0x00007fff60361000 	C:\WINDOWS\System32\IMM32.DLL
0x00007fff48250000 - 0x00007fff4825c000 	C:\Program Files\Java\jdk-20\bin\vcruntime140_1.dll
0x00007ffef3a30000 - 0x00007ffef3abe000 	C:\Program Files\Java\jdk-20\bin\msvcp140.dll
0x00007ffee9e10000 - 0x00007ffeeaaa7000 	C:\Program Files\Java\jdk-20\bin\server\jvm.dll
0x00007fff4e850000 - 0x00007fff4e859000 	C:\WINDOWS\SYSTEM32\WSOCK32.dll
0x00007fff57d50000 - 0x00007fff57d84000 	C:\WINDOWS\SYSTEM32\WINMM.dll
0x00007fff602b0000 - 0x00007fff60321000 	C:\WINDOWS\System32\WS2_32.dll
0x00007fff5e5b0000 - 0x00007fff5e5c8000 	C:\WINDOWS\SYSTEM32\kernel.appcore.dll
0x00007fff46f50000 - 0x00007fff46f5a000 	C:\Program Files\Java\jdk-20\bin\jimage.dll
0x00007fff4d5b0000 - 0x00007fff4d7de000 	C:\WINDOWS\SYSTEM32\DBGHELP.DLL
0x00007fff61630000 - 0x00007fff619b9000 	C:\WINDOWS\System32\combase.dll
0x00007fff61a90000 - 0x00007fff61b67000 	C:\WINDOWS\System32\OLEAUT32.dll
0x00007fff45a40000 - 0x00007fff45a72000 	C:\WINDOWS\SYSTEM32\dbgcore.DLL
0x00007fff5fdd0000 - 0x00007fff5fe4b000 	C:\WINDOWS\System32\bcryptPrimitives.dll
0x00007fff24ea0000 - 0x00007fff24edc000 	C:\Program Files\Java\jdk-20\bin\jdwp.dll
0x00007fff33ed0000 - 0x00007fff33ef6000 	C:\Program Files\Java\jdk-20\bin\java.dll

dbghelp: loaded successfully - version: 4.0.5 - missing functions: none
symbol engine: initialized successfully - sym options: 0x614 - pdb path: .;C:\Program Files\Java\jdk-20\bin;C:\WINDOWS\SYSTEM32;C:\WINDOWS\WinSxS\amd64_microsoft.windows.common-controls_6595b64144ccf1df_6.0.22621.1635_none_270f70857386168e;C:\Program Files\Java\jdk-20\bin\server

VM Arguments:
jvm_args: -Dfile.encoding=UTF-8 -agentlib:jdwp=transport=dt_shmem,address=javadebug --module-path=D:\New Folder (2)\Employee Management System\build\classes 
java_command: employee.management.system.Splash
java_class_path (initial): D:\New Folder (2)\mysql-connector-java-8.0.28.jar;D:\New Folder (2)\Employee Management System\build\classes
Launcher Type: SUN_STANDARD

[Global flags]
     intx CICompilerCount                          = 4                                         {product} {ergonomic}
     uint ConcGCThreads                            = 3                                         {product} {ergonomic}
     uint G1ConcRefinementThreads                  = 10                                        {product} {ergonomic}
   size_t G1HeapRegionSize                         = 2097152                                   {product} {ergonomic}
    uintx GCDrainStackTargetSize                   = 64                                        {product} {ergonomic}
   size_t InitialHeapSize                          = 266338304                                 {product} {ergonomic}
   size_t MarkStackSize                            = 4194304                                   {product} {ergonomic}
   size_t MaxHeapSize                              = 4248829952                                {product} {ergonomic}
   size_t MinHeapDeltaBytes                        = 2097152                                   {product} {ergonomic}
   size_t MinHeapSize                              = 8388608                                   {product} {ergonomic}
    uintx NonNMethodCodeHeapSize                   = 5839372                                {pd product} {ergonomic}
    uintx NonProfiledCodeHeapSize                  = 122909434                              {pd product} {ergonomic}
    uintx ProfiledCodeHeapSize                     = 122909434                              {pd product} {ergonomic}
    uintx ReservedCodeCacheSize                    = 251658240                              {pd product} {ergonomic}
     bool SegmentedCodeCache                       = true                                      {product} {ergonomic}
   size_t SoftMaxHeapSize                          = 4248829952                             {manageable} {ergonomic}
     bool UseCompressedClassPointers               = true                           {product lp64_product} {ergonomic}
     bool UseCompressedOops                        = true                           {product lp64_product} {ergonomic}
     bool UseG1GC                                  = true                                      {product} {ergonomic}
     bool UseLargePagesIndividualAllocation        = false                                  {pd product} {ergonomic}

Logging:
Log output configuration:
 #0: stdout all=warning uptime,level,tags foldmultilines=false
 #1: stderr all=off uptime,level,tags foldmultilines=false

Environment Variables:
PATH=C:\Program Files (x86)\Razer Chroma SDK\bin;C:\Program Files\Razer Chroma SDK\bin;C:\Program Files (x86)\Razer\ChromaBroadcast\bin;C:\Program Files\Razer\ChromaBroadcast\bin;C:\Program Files\Common Files\Oracle\Java\javapath;C:\Windows\system32;C:\Windows;C:\Windows\System32\Wbem;C:\Windows\System32\WindowsPowerShell\v1.0\;C:\Windows\System32\OpenSSH\;C:\Program Files (x86)\NVIDIA Corporation\PhysX\Common;C:\Program Files\NVIDIA Corporation\NVIDIA NvDLISR;C:\WINDOWS\system32;C:\WINDOWS;C:\WINDOWS\System32\Wbem;C:\WINDOWS\System32\WindowsPowerShell\v1.0\;C:\WINDOWS\System32\OpenSSH\;C:\WINDOWS\system32\config\systemprofile\AppData\Local\Microsoft\WindowsApps;C:\Program Files\MySQL\MySQL Shell 8.0\bin\;C:\Users\sumee\AppData\Local\Microsoft\WindowsApps;C:\PROJECT\PyCharm Community Edition 2022.2.2\bin;C:\Users\sumee\AppData\Local\Microsoft\WindowsApps;C:\Users\sumee\AppData\Local\Programs\Microsoft VS Code\bin;C:\Program Files\JetBrains\IntelliJ IDEA Community Edition 2023.1.2\bin
USERNAME=sumee
OS=Windows_NT
PROCESSOR_IDENTIFIER=Intel64 Family 6 Model 165 Stepping 2, GenuineIntel
TMP=C:\Users\sumee\AppData\Local\Temp
TEMP=C:\Users\sumee\AppData\Local\Temp




---------------  S Y S T E M  ---------------

OS:
 Windows 11 , 64 bit Build 22621 (10.0.22621.1778)
OS uptime: 1 days 8:07 hours

CPU: total 12 (initial active 12) (6 cores per cpu, 2 threads per core) family 6 model 165 stepping 2 microcode 0xe2, cx8, cmov, fxsr, ht, mmx, 3dnowpref, sse, sse2, sse3, ssse3, sse4.1, sse4.2, popcnt, lzcnt, tsc, tscinvbit, avx, avx2, aes, erms, clmul, bmi1, bmi2, adx, fma, vzeroupper, clflush, clflushopt, rdtscp, f16c, pku

Memory: 4k page, system-wide physical 16204M (3731M free)
TotalPageFile size 46563M (AvailPageFile size 160M)
current process WorkingSet (physical memory assigned to process): 11M, peak: 11M
current process commit charge ("private bytes"): 64M, peak: 318M

vm_info: Java HotSpot(TM) 64-Bit Server VM (20.0.1+9-29) for windows-amd64 JRE (20.0.1+9-29), built on 2023-03-07T13:56:11Z by "mach5one" with MS VC++ 17.1 (VS2022)

END.
